<?xml version="1.0" encoding="UTF-8"?>
<testsuite xmlns:xsi="http://www.w3.org/2001/XMLSchema-instance" xsi:noNamespaceSchemaLocation="https://maven.apache.org/surefire/maven-surefire-plugin/xsd/surefire-test-report.xsd" name="Medunna_Test" time="55.111" tests="1" errors="1" skipped="0" failures="0">
  <properties>
[...]
</properties>
  <testcase name="US16_Room_Manipulation" classname="Medunna_Test" time="55.111">
    <error message="no such element: Unable to locate element: {&quot;method&quot;:&quot;xpath&quot;,&quot;selector&quot;:&quot;//span[.=&apos;Items&amp;Titles&apos;]&quot;}&#10;  (Session info: chrome=107.0.5304.107)&#10;For documentation on this error, please visit: https://selenium.dev/exceptions/#no_such_element&#10;Build info: version: &apos;4.4.0&apos;, revision: &apos;e5c75ed026a&apos;&#10;System info: host: &apos;DESKTOP-KMVMKNP&apos;, ip: &apos;192.168.0.13&apos;, os.name: &apos;Windows 10&apos;, os.arch: &apos;amd64&apos;, os.version: &apos;10.0&apos;, java.version: &apos;11.0.16&apos;&#10;Driver info: org.openqa.selenium.chrome.ChromeDriver&#10;Command: [3d5e321d0f844e5673d94848c52be991, findElement {using=xpath, value=//span[.=&apos;Items&amp;Titles&apos;]}]&#10;Capabilities {acceptInsecureCerts: false, browserName: chrome, browserVersion: 107.0.5304.107, chrome: {chromedriverVersion: 107.0.5304.62 (1eec40d3a576..., userDataDir: C:\Users\pc\AppData\Local\T...}, goog:chromeOptions: {debuggerAddress: localhost:61239}, networkConnectionEnabled: false, pageLoadStrategy: normal, platformName: WINDOWS, proxy: Proxy(), se:cdp: ws://localhost:61239/devtoo..., se:cdpVersion: 107.0.5304.107, setWindowRect: true, strictFileInteractability: false, timeouts: {implicit: 0, pageLoad: 300000, script: 30000}, unhandledPromptBehavior: dismiss and notify, webauthn:extension:credBlob: true, webauthn:extension:largeBlob: true, webauthn:virtualAuthenticators: true}&#10;Session ID: 3d5e321d0f844e5673d94848c52be991" type="org.openqa.selenium.NoSuchElementException"><![CDATA[org.openqa.selenium.NoSuchElementException: 
no such element: Unable to locate element: {"method":"xpath","selector":"//span[.='Items&Titles']"}
  (Session info: chrome=107.0.5304.107)
For documentation on this error, please visit: https://selenium.dev/exceptions/#no_such_element
Build info: version: '4.4.0', revision: 'e5c75ed026a'
System info: host: 'DESKTOP-KMVMKNP', ip: '192.168.0.13', os.name: 'Windows 10', os.arch: 'amd64', os.version: '10.0', java.version: '11.0.16'
Driver info: org.openqa.selenium.chrome.ChromeDriver
Command: [3d5e321d0f844e5673d94848c52be991, findElement {using=xpath, value=//span[.='Items&Titles']}]
Capabilities {acceptInsecureCerts: false, browserName: chrome, browserVersion: 107.0.5304.107, chrome: {chromedriverVersion: 107.0.5304.62 (1eec40d3a576..., userDataDir: C:\Users\pc\AppData\Local\T...}, goog:chromeOptions: {debuggerAddress: localhost:61239}, networkConnectionEnabled: false, pageLoadStrategy: normal, platformName: WINDOWS, proxy: Proxy(), se:cdp: ws://localhost:61239/devtoo..., se:cdpVersion: 107.0.5304.107, setWindowRect: true, strictFileInteractability: false, timeouts: {implicit: 0, pageLoad: 300000, script: 30000}, unhandledPromptBehavior: dismiss and notify, webauthn:extension:credBlob: true, webauthn:extension:largeBlob: true, webauthn:virtualAuthenticators: true}
Session ID: 3d5e321d0f844e5673d94848c52be991
]]></error>
    <system-out><![CDATA[&amp#27;[32m&amp#27;[1m?????????????????????????????????????????????????????????????????????????????????????&amp#27;[0m
&amp#27;[32m&amp#27;[1m?&amp#27;[0m Share your Cucumber Report with your team at &amp#27;[36m&amp#27;[1m&amp#27;[4mhttps://reports.cucumber.io&amp#27;[0m          &amp#27;[32m&amp#27;[1m?&amp#27;[0m
&amp#27;[32m&amp#27;[1m?&amp#27;[0m Activate publishing with one of the following:                                    &amp#27;[32m&amp#27;[1m?&amp#27;[0m
&amp#27;[32m&amp#27;[1m?&amp#27;[0m                                                                                   &amp#27;[32m&amp#27;[1m?&amp#27;[0m
&amp#27;[32m&amp#27;[1m?&amp#27;[0m src/test/resources/cucumber.properties:          &amp#27;[36mcucumber.publish.enabled&amp#27;[0m=&amp#27;[36mtrue&amp#27;[0m    &amp#27;[32m&amp#27;[1m?&amp#27;[0m
&amp#27;[32m&amp#27;[1m?&amp#27;[0m src/test/resources/junit-platform.properties:    &amp#27;[36mcucumber.publish.enabled&amp#27;[0m=&amp#27;[36mtrue&amp#27;[0m    &amp#27;[32m&amp#27;[1m?&amp#27;[0m
&amp#27;[32m&amp#27;[1m?&amp#27;[0m Environment variable:                            &amp#27;[36mCUCUMBER_PUBLİSH_ENABLED&amp#27;[0m=&amp#27;[36mtrue&amp#27;[0m    &amp#27;[32m&amp#27;[1m?&amp#27;[0m
&amp#27;[32m&amp#27;[1m?&amp#27;[0m JUnit:                                           &amp#27;[36m@CucumberOptions&amp#27;[0m(publish = &amp#27;[36mtrue&amp#27;[0m) &amp#27;[32m&amp#27;[1m?&amp#27;[0m
&amp#27;[32m&amp#27;[1m?&amp#27;[0m                                                                                   &amp#27;[32m&amp#27;[1m?&amp#27;[0m
&amp#27;[32m&amp#27;[1m?&amp#27;[0m More information at &amp#27;[36mhttps://cucumber.io/docs/cucumber/environment-variables/&amp#27;[0m      &amp#27;[32m&amp#27;[1m?&amp#27;[0m
&amp#27;[32m&amp#27;[1m?&amp#27;[0m                                                                                   &amp#27;[32m&amp#27;[1m?&amp#27;[0m
&amp#27;[32m&amp#27;[1m?&amp#27;[0m Disable this message with one of the following:                                   &amp#27;[32m&amp#27;[1m?&amp#27;[0m
&amp#27;[32m&amp#27;[1m?&amp#27;[0m                                                                                   &amp#27;[32m&amp#27;[1m?&amp#27;[0m
&amp#27;[32m&amp#27;[1m?&amp#27;[0m src/test/resources/cucumber.properties:          &amp#27;[36mcucumber.publish.quiet&amp#27;[0m=&amp#27;[36mtrue&amp#27;[0m      &amp#27;[32m&amp#27;[1m?&amp#27;[0m
&amp#27;[32m&amp#27;[1m?&amp#27;[0m src/test/resources/junit-platform.properties:    &amp#27;[36mcucumber.publish.quiet&amp#27;[0m=&amp#27;[36mtrue&amp#27;[0m      &amp#27;[32m&amp#27;[1m?&amp#27;[0m
&amp#27;[32m&amp#27;[1m?????????????????????????????????????????????????????????????????????????????????????&amp#27;[0m

@US16_Room_Manipulation
Scenario Outline: US16_Room_Manipulation                                &amp#27;[90m# src/test/resources/features/medunna_feature_file.feature:42&amp#27;[0m
  &amp#27;[32mGiven &amp#27;[0m&amp#27;[32muser opens the URL &amp#27;[0m&amp#27;[32m&amp#27;[1m"https://medunna.com"&amp#27;[0m                        &amp#27;[90m# stepdefinitions.GoogleStepDefs.user_opens_the_url(java.lang.String)&amp#27;[0m
  &amp#27;[32mThen &amp#27;[0m&amp#27;[32mverify the page title contains &amp#27;[0m&amp#27;[32m&amp#27;[1m"MEDUNNA"&amp#27;[0m                         &amp#27;[90m# stepdefinitions.GoogleStepDefs.verify_the_page_title_contains(java.lang.String)&amp#27;[0m
  &amp#27;[32mThen &amp#27;[0m&amp#27;[32mcapture the screenshot&amp#27;[0m                                           &amp#27;[90m# stepdefinitions.ReusableStepDefs.capture_the_screenshot()&amp#27;[0m
  &amp#27;[32mGiven &amp#27;[0m&amp#27;[32mSign in as admin&amp#27;[0m                                                &amp#27;[90m# stepdefinitions.MedunnaStepDefs.sign_in_as_admin()&amp#27;[0m
  &amp#27;[31mWhen &amp#27;[0m&amp#27;[31mClick on ItemsTitles&amp#27;[0m                                             &amp#27;[90m# stepdefinitions.MedunnaStepDefs.click_on_items_titles()&amp#27;[0m
      &amp#27;[31morg.openqa.selenium.NoSuchElementException: no such element: Unable to locate element: {"method":"xpath","selector":"//span[.='Items&Titles']"}
  (Session info: chrome=107.0.5304.107)
For documentation on this error, please visit: https://selenium.dev/exceptions/#no_such_element
Build info: version: '4.4.0', revision: 'e5c75ed026a'
System info: host: 'DESKTOP-KMVMKNP', ip: '192.168.0.13', os.name: 'Windows 10', os.arch: 'amd64', os.version: '10.0', java.version: '11.0.16'
Driver info: org.openqa.selenium.chrome.ChromeDriver
Command: [3d5e321d0f844e5673d94848c52be991, findElement {using=xpath, value=//span[.='Items&Titles']}]
Capabilities {acceptInsecureCerts: false, browserName: chrome, browserVersion: 107.0.5304.107, chrome: {chromedriverVersion: 107.0.5304.62 (1eec40d3a576..., userDataDir: C:\Users\pc\AppData\Local\T...}, goog:chromeOptions: {debuggerAddress: localhost:61239}, networkConnectionEnabled: false, pageLoadStrategy: normal, platformName: WINDOWS, proxy: Proxy(), se:cdp: ws://localhost:61239/devtoo..., se:cdpVersion: 107.0.5304.107, setWindowRect: true, strictFileInteractability: false, timeouts: {implicit: 0, pageLoad: 300000, script: 30000}, unhandledPromptBehavior: dismiss and notify, webauthn:extension:credBlob: true, webauthn:extension:largeBlob: true, webauthn:virtualAuthenticators: true}
Session ID: 3d5e321d0f844e5673d94848c52be991
	at java.base/jdk.internal.reflect.NativeConstructorAccessorImpl.newInstance0(Native Method)
	at java.base/jdk.internal.reflect.NativeConstructorAccessorImpl.newInstance(NativeConstructorAccessorImpl.java:62)
	at java.base/jdk.internal.reflect.DelegatingConstructorAccessorImpl.newInstance(DelegatingConstructorAccessorImpl.java:45)
	at java.base/java.lang.reflect.Constructor.newInstance(Constructor.java:490)
	at org.openqa.selenium.remote.codec.w3c.W3CHttpResponseCodec.createException(W3CHttpResponseCodec.java:200)
	at org.openqa.selenium.remote.codec.w3c.W3CHttpResponseCodec.decode(W3CHttpResponseCodec.java:133)
	at org.openqa.selenium.remote.codec.w3c.W3CHttpResponseCodec.decode(W3CHttpResponseCodec.java:53)
	at org.openqa.selenium.remote.HttpCommandExecutor.execute(HttpCommandExecutor.java:184)
	at org.openqa.selenium.remote.service.DriverCommandExecutor.invokeExecute(DriverCommandExecutor.java:167)
	at org.openqa.selenium.remote.service.DriverCommandExecutor.execute(DriverCommandExecutor.java:142)
	at org.openqa.selenium.remote.RemoteWebDriver.execute(RemoteWebDriver.java:547)
	at org.openqa.selenium.remote.ElementLocation$ElementFinder$2.findElement(ElementLocation.java:162)
	at org.openqa.selenium.remote.ElementLocation.findElement(ElementLocation.java:60)
	at org.openqa.selenium.remote.RemoteWebDriver.findElement(RemoteWebDriver.java:365)
	at org.openqa.selenium.remote.RemoteWebDriver.findElement(RemoteWebDriver.java:357)
	at org.openqa.selenium.support.pagefactory.DefaultElementLocator.findElement(DefaultElementLocator.java:70)
	at org.openqa.selenium.support.pagefactory.internal.LocatingElementHandler.invoke(LocatingElementHandler.java:39)
	at com.sun.proxy.$Proxy21.click(Unknown Source)
	at stepdefinitions.MedunnaStepDefs.click_on_items_titles(MedunnaStepDefs.java:32)
	at ?.Click on ItemsTitles(file:///C:/Users/pc/IdeaProjects/mycucumberproject/./src/test/resources/features/medunna_feature_file.feature:11)
&amp#27;[0m
  &amp#27;[36mAnd &amp#27;[0m&amp#27;[36mClick on Room button&amp#27;[0m                                              &amp#27;[90m# stepdefinitions.MedunnaStepDefs.click_on_room_button()&amp#27;[0m
  &amp#27;[36mAnd &amp#27;[0m&amp#27;[36mClick Create a new room button&amp#27;[0m                                    &amp#27;[90m# stepdefinitions.MedunnaStepDefs.click_create_a_new_room_button()&amp#27;[0m
  &amp#27;[36mThen &amp#27;[0m&amp#27;[36mVerify that Create or edit a Room is displayed&amp#27;[0m                   &amp#27;[90m# stepdefinitions.MedunnaStepDefs.verify_that_create_or_edit_a_room_is_displayed()&amp#27;[0m
  &amp#27;[36mWhen &amp#27;[0m&amp#27;[36mEnter room number as &amp#27;[0m&amp#27;[36m&amp#27;[1m"99754"&amp#27;[0m                                     &amp#27;[90m# stepdefinitions.MedunnaStepDefs.enterRoomNumberAs(java.lang.String)&amp#27;[0m
  &amp#27;[36mAnd &amp#27;[0m&amp#27;[36mClear room number&amp#27;[0m                                                 &amp#27;[90m# stepdefinitions.MedunnaStepDefs.clear_room_number()&amp#27;[0m
  &amp#27;[36mThen &amp#27;[0m&amp#27;[36mVerify This field is required.&amp#27;[0m                                   &amp#27;[90m# stepdefinitions.MedunnaStepDefs.verify_this_field_is_required()&amp#27;[0m
  &amp#27;[36mWhen &amp#27;[0m&amp#27;[36mEnter room number as &amp#27;[0m&amp#27;[36m&amp#27;[1m"99754"&amp#27;[0m                                     &amp#27;[90m# stepdefinitions.MedunnaStepDefs.enterRoomNumberAs(java.lang.String)&amp#27;[0m
  &amp#27;[36mThen &amp#27;[0m&amp#27;[36mVerify &amp#27;[0m&amp#27;[36m&amp#27;[1m5&amp#27;[0m&amp#27;[36m Room Types are selectable.&amp#27;[0m                              &amp#27;[90m# stepdefinitions.MedunnaStepDefs.verify_room_types_are_selectable(java.lang.Integer)&amp#27;[0m
  &amp#27;[36mWhen &amp#27;[0m&amp#27;[36mClick on Status checkbox&amp#27;[0m                                         &amp#27;[90m# stepdefinitions.MedunnaStepDefs.click_on_status_checkbox()&amp#27;[0m
  &amp#27;[36mThen &amp#27;[0m&amp#27;[36mVerify that checkbox is selected&amp#27;[0m                                 &amp#27;[90m# stepdefinitions.MedunnaStepDefs.verify_that_checkbox_is_selected()&amp#27;[0m
  &amp#27;[36mWhen &amp#27;[0m&amp#27;[36mSend price to price box  as &amp#27;[0m&amp#27;[36m&amp#27;[1m"123"&amp#27;[0m                                &amp#27;[90m# stepdefinitions.MedunnaStepDefs.sendPriceToPriceBoxAs(java.lang.String)&amp#27;[0m
  &amp#27;[36mWhen &amp#27;[0m&amp#27;[36mclear the price&amp#27;[0m                                                  &amp#27;[90m# stepdefinitions.MedunnaStepDefs.clearThePrice()&amp#27;[0m
  &amp#27;[36mThen &amp#27;[0m&amp#27;[36mVerify This field is required.&amp#27;[0m                                   &amp#27;[90m# stepdefinitions.MedunnaStepDefs.verify_this_field_is_required()&amp#27;[0m
  &amp#27;[36mWhen &amp#27;[0m&amp#27;[36mSend price to price box  as &amp#27;[0m&amp#27;[36m&amp#27;[1m"123"&amp#27;[0m                                &amp#27;[90m# stepdefinitions.MedunnaStepDefs.sendPriceToPriceBoxAs(java.lang.String)&amp#27;[0m
  &amp#27;[36mAnd &amp#27;[0m&amp#27;[36mSend description to the description box and clear.&amp#27;[0m                &amp#27;[90m# stepdefinitions.MedunnaStepDefs.send_description_to_the_description_box_and_clear()&amp#27;[0m
  &amp#27;[36mThen &amp#27;[0m&amp#27;[36mVerify This field is required is not displayed.&amp#27;[0m                  &amp#27;[90m# stepdefinitions.MedunnaStepDefs.verify_this_field_is_required_is_not_displayed()&amp#27;[0m
  &amp#27;[36mWhen &amp#27;[0m&amp#27;[36mSend description to the description box&amp#27;[0m                          &amp#27;[90m# stepdefinitions.MedunnaStepDefs.send_description_to_the_description_box()&amp#27;[0m
  &amp#27;[36mAnd &amp#27;[0m&amp#27;[36mClick on View button on Rooms page&amp#27;[0m                                &amp#27;[90m# stepdefinitions.MedunnaStepDefs.click_on_view_button_on_rooms_page()&amp#27;[0m
  &amp#27;[36mThen &amp#27;[0m&amp#27;[36mVerify that you can view all &amp#27;[0m&amp#27;[36m&amp#27;[1m6&amp#27;[0m&amp#27;[36m items.&amp#27;[0m                            &amp#27;[90m# stepdefinitions.MedunnaStepDefs.verify_that_you_can_view_all_items(java.lang.Integer)&amp#27;[0m
  &amp#27;[36mWhen &amp#27;[0m&amp#27;[36mClick on Edit button&amp#27;[0m                                             &amp#27;[90m# stepdefinitions.MedunnaStepDefs.click_on_edit_button()&amp#27;[0m
  &amp#27;[36mAnd &amp#27;[0m&amp#27;[36mChange the room number&amp#27;[0m                                            &amp#27;[90m# stepdefinitions.MedunnaStepDefs.change_the_room_number()&amp#27;[0m
  &amp#27;[36mAnd &amp#27;[0m&amp#27;[36mClick on save button&amp#27;[0m                                              &amp#27;[90m# stepdefinitions.MedunnaStepDefs.click_on_save_button()&amp#27;[0m
  &amp#27;[36mThen &amp#27;[0m&amp#27;[36mVerify &amp#27;[0m&amp#27;[36m&amp#27;[1m"The room is updated"&amp#27;[0m                                     &amp#27;[90m# stepdefinitions.MedunnaStepDefs.verify(java.lang.String)&amp#27;[0m
  &amp#27;[36mWhen &amp#27;[0m&amp#27;[36mClick on Created Date button and sort them from newest to oldest&amp#27;[0m &amp#27;[90m# stepdefinitions.MedunnaStepDefs.click_on_created_date_button_and_sort_them_from_newest_to_oldest()&amp#27;[0m
  &amp#27;[36mAnd &amp#27;[0m&amp#27;[36mClick on Delete button at the top.&amp#27;[0m                                &amp#27;[90m# stepdefinitions.MedunnaStepDefs.click_on_delete_button_at_the_top()&amp#27;[0m
  &amp#27;[36mAnd &amp#27;[0m&amp#27;[36mClick on Delete as confirm on the alert&amp#27;[0m                           &amp#27;[90m# stepdefinitions.MedunnaStepDefs.click_on_delete_as_confirm_on_the_alert()&amp#27;[0m
  &amp#27;[36mThen &amp#27;[0m&amp#27;[36mVerify The room is deleted&amp#27;[0m                                       &amp#27;[90m# stepdefinitions.MedunnaStepDefs.verify_the_room_is_deleted()&amp#27;[0m
]]></system-out>
    <system-err><![CDATA[SLF4J: Failed to load class "org.slf4j.impl.StaticLoggerBinder".
SLF4J: Defaulting to no-operation (NOP) logger implementation
SLF4J: See http://www.slf4j.org/codes.html#StaticLoggerBinder for further details.
Starting ChromeDriver 107.0.5304.62 (1eec40d3a5764881c92085aaee66d25075c159aa-refs/branch-heads/5304@{#942}) on port 61967
Only local connections are allowed.
Please see https://chromedriver.chromium.org/security-considerations for suggestions on keeping ChromeDriver safe.
ChromeDriver was started successfully.
Ara 06, 2022 11:36:10 ÖÖ org.openqa.selenium.remote.ProtocolHandshake createSession
INFO: Detected upstream dialect: W3C
Ara 06, 2022 11:36:11 ÖÖ org.openqa.selenium.devtools.CdpVersionFinder findNearestMatch
WARNING: Unable to find an exact match for CDP version 107, so returning the closest version found: 104
Ara 06, 2022 11:36:11 ÖÖ org.openqa.selenium.devtools.CdpVersionFinder findNearestMatch
INFO: Found CDP implementation for version 107 of 104
]]></system-err>
  </testcase>
</testsuite>